<?xml version="1.0" encoding="UTF-8"?>
<!-- Generated by org.testng.reporters.JUnitReportReporter -->
<testsuite hostname="DESKTOP-DFUSD2B" failures="0" tests="7" name="com.purnadata.qa.testcases.Login" time="39.664" errors="0" timestamp="2022-12-31T06:20:22 PST" skipped="0">
  <testcase classname="com.purnadata.qa.testcases.Login" name="verifyLoginWithValidCredentials" time="6.407"/>
  <system-out/>
  <testcase classname="com.purnadata.qa.testcases.Login" name="verifyLoginWithValidCredentials" time="7.479"/>
  <system-out/>
  <testcase classname="com.purnadata.qa.testcases.Login" name="verifyLoginWithValidCredentials" time="10.796"/>
  <system-out/>
  <testcase classname="com.purnadata.qa.testcases.Login" name="verifyLoginWithInvalidCredentials" time="3.414"/>
  <system-out/>
  <testcase classname="com.purnadata.qa.testcases.Login" name="verifyLoginWithInvalidUsernameAndValidPassword" time="4.241"/>
  <system-out/>
  <testcase classname="com.purnadata.qa.testcases.Login" name="verifyLoginWithValidUsernameAndInvalidPassword" time="3.950"/>
  <system-out/>
  <testcase classname="com.purnadata.qa.testcases.Login" name="verifyLoginWithoutProvidingAnything" time="3.377"/>
  <system-out/>
</testsuite> <!-- com.purnadata.qa.testcases.Login -->
