<?xml version="1.0" encoding="UTF-8"?>
<!-- Generated by org.testng.reporters.JUnitReportReporter -->
<testsuite hostname="DESKTOP-DFUSD2B" failures="0" tests="2" name="com.purnadata.qa.testcases.SalesModule" time="14.092" errors="0" timestamp="2022-12-31T06:20:22 PST" skipped="0">
  <testcase classname="com.purnadata.qa.testcases.SalesModule" name="verifySalesModuleDisplayFourModule" time="8.067"/>
  <system-out/>
  <testcase classname="com.purnadata.qa.testcases.SalesModule" name="verifySalesInvoiceNevigateToDetailsPage" time="6.025"/>
  <system-out/>
</testsuite> <!-- com.purnadata.qa.testcases.SalesModule -->
